[2021-04-30T21:22:17.349451+01:00] a04b0c2a-e82f-4cd7-ae1b-26a6d4ad9bd3.NOTICE: Error number [8] Undefined index: email on line 20 in file C:\xampp\htdocs\TI-project\templates\login.php  
[2021-04-30T21:22:17.350454+01:00] a04b0c2a-e82f-4cd7-ae1b-26a6d4ad9bd3.NOTICE: Error number [8] Undefined index: password on line 30 in file C:\xampp\htdocs\TI-project\templates\login.php  
[2021-04-30T21:22:39.179394+01:00] 03c7834c-e031-487c-8232-a50a0236d623.NOTICE: Error number [8] Undefined index: email on line 20 in file C:\xampp\htdocs\TI-project\templates\login.php  
[2021-04-30T21:22:39.179712+01:00] 03c7834c-e031-487c-8232-a50a0236d623.NOTICE: Error number [8] Undefined index: password on line 30 in file C:\xampp\htdocs\TI-project\templates\login.php  
[2021-04-30T21:27:46.988272+01:00] 4354c3aa-2c8e-4bb9-a67d-90212ebdca06.NOTICE: Error number [8] Undefined index: name on line 4 in file C:\xampp\htdocs\TI-project\templates\plants\edit.php  
[2021-04-30T21:27:46.989113+01:00] 4354c3aa-2c8e-4bb9-a67d-90212ebdca06.NOTICE: Error number [8] Undefined index: id on line 29 in file C:\xampp\htdocs\TI-project\templates\plants\edit.php  
[2021-04-30T21:27:46.989153+01:00] 4354c3aa-2c8e-4bb9-a67d-90212ebdca06.NOTICE: Error number [8] Undefined index: id on line 32 in file C:\xampp\htdocs\TI-project\templates\plants\edit.php  
[2021-04-30T21:27:46.989176+01:00] 4354c3aa-2c8e-4bb9-a67d-90212ebdca06.NOTICE: Error number [8] Undefined index: cover on line 33 in file C:\xampp\htdocs\TI-project\templates\plants\edit.php  
[2021-04-30T21:27:46.989198+01:00] 4354c3aa-2c8e-4bb9-a67d-90212ebdca06.NOTICE: Error number [8] Undefined index: name on line 36 in file C:\xampp\htdocs\TI-project\templates\plants\edit.php  
[2021-04-30T21:27:46.989217+01:00] 4354c3aa-2c8e-4bb9-a67d-90212ebdca06.NOTICE: Error number [8] Undefined index: location on line 40 in file C:\xampp\htdocs\TI-project\templates\plants\edit.php  
[2021-04-30T21:27:46.989236+01:00] 4354c3aa-2c8e-4bb9-a67d-90212ebdca06.NOTICE: Error number [8] Undefined index: webcam on line 44 in file C:\xampp\htdocs\TI-project\templates\plants\edit.php  
[2021-04-30T21:27:46.989255+01:00] 4354c3aa-2c8e-4bb9-a67d-90212ebdca06.NOTICE: Error number [8] Undefined index: is_active on line 49 in file C:\xampp\htdocs\TI-project\templates\plants\edit.php  
[2021-04-30T21:27:46.989275+01:00] 4354c3aa-2c8e-4bb9-a67d-90212ebdca06.NOTICE: Error number [8] Undefined index: cover on line 59 in file C:\xampp\htdocs\TI-project\templates\plants\edit.php  
[2021-04-30T21:30:47.212779+01:00] b316c5b5-6461-4530-bf8c-128c2b752530.NOTICE: Error number [8] Undefined index: name on line 4 in file C:\xampp\htdocs\TI-project\templates\plants\edit.php  
[2021-04-30T21:30:47.213994+01:00] b316c5b5-6461-4530-bf8c-128c2b752530.NOTICE: Error number [8] Undefined index: id on line 29 in file C:\xampp\htdocs\TI-project\templates\plants\edit.php  
[2021-04-30T21:30:47.214151+01:00] b316c5b5-6461-4530-bf8c-128c2b752530.NOTICE: Error number [8] Undefined index: id on line 32 in file C:\xampp\htdocs\TI-project\templates\plants\edit.php  
[2021-04-30T21:30:47.214195+01:00] b316c5b5-6461-4530-bf8c-128c2b752530.NOTICE: Error number [8] Undefined index: cover on line 33 in file C:\xampp\htdocs\TI-project\templates\plants\edit.php  
[2021-04-30T21:30:47.214221+01:00] b316c5b5-6461-4530-bf8c-128c2b752530.NOTICE: Error number [8] Undefined index: name on line 36 in file C:\xampp\htdocs\TI-project\templates\plants\edit.php  
[2021-04-30T21:30:47.214245+01:00] b316c5b5-6461-4530-bf8c-128c2b752530.NOTICE: Error number [8] Undefined index: location on line 40 in file C:\xampp\htdocs\TI-project\templates\plants\edit.php  
[2021-04-30T21:30:47.214636+01:00] b316c5b5-6461-4530-bf8c-128c2b752530.NOTICE: Error number [8] Undefined index: webcam on line 44 in file C:\xampp\htdocs\TI-project\templates\plants\edit.php  
[2021-04-30T21:30:47.214685+01:00] b316c5b5-6461-4530-bf8c-128c2b752530.NOTICE: Error number [8] Undefined index: is_active on line 49 in file C:\xampp\htdocs\TI-project\templates\plants\edit.php  
[2021-04-30T21:30:47.214734+01:00] b316c5b5-6461-4530-bf8c-128c2b752530.NOTICE: Error number [8] Undefined index: cover on line 59 in file C:\xampp\htdocs\TI-project\templates\plants\edit.php  
[2021-04-30T21:42:23.701175+01:00] 684aafc3-1c6a-4ad1-b5b6-9f9b9df665d9.NOTICE: Error number [8] Undefined index: name on line 4 in file C:\xampp\htdocs\TI-project\templates\plants\edit.php  
[2021-04-30T21:42:23.702272+01:00] 684aafc3-1c6a-4ad1-b5b6-9f9b9df665d9.NOTICE: Error number [8] Undefined index: id on line 29 in file C:\xampp\htdocs\TI-project\templates\plants\edit.php  
[2021-04-30T21:42:23.702306+01:00] 684aafc3-1c6a-4ad1-b5b6-9f9b9df665d9.NOTICE: Error number [8] Undefined index: id on line 32 in file C:\xampp\htdocs\TI-project\templates\plants\edit.php  
[2021-04-30T21:42:23.702325+01:00] 684aafc3-1c6a-4ad1-b5b6-9f9b9df665d9.NOTICE: Error number [8] Undefined index: cover on line 33 in file C:\xampp\htdocs\TI-project\templates\plants\edit.php  
[2021-04-30T21:42:23.702340+01:00] 684aafc3-1c6a-4ad1-b5b6-9f9b9df665d9.NOTICE: Error number [8] Undefined index: name on line 36 in file C:\xampp\htdocs\TI-project\templates\plants\edit.php  
[2021-04-30T21:42:23.702355+01:00] 684aafc3-1c6a-4ad1-b5b6-9f9b9df665d9.NOTICE: Error number [8] Undefined index: location on line 40 in file C:\xampp\htdocs\TI-project\templates\plants\edit.php  
[2021-04-30T21:42:23.702370+01:00] 684aafc3-1c6a-4ad1-b5b6-9f9b9df665d9.NOTICE: Error number [8] Undefined index: webcam on line 44 in file C:\xampp\htdocs\TI-project\templates\plants\edit.php  
[2021-04-30T21:42:23.702384+01:00] 684aafc3-1c6a-4ad1-b5b6-9f9b9df665d9.NOTICE: Error number [8] Undefined index: is_active on line 49 in file C:\xampp\htdocs\TI-project\templates\plants\edit.php  
[2021-04-30T21:42:23.702400+01:00] 684aafc3-1c6a-4ad1-b5b6-9f9b9df665d9.NOTICE: Error number [8] Undefined index: cover on line 59 in file C:\xampp\htdocs\TI-project\templates\plants\edit.php  
